execve("/usr/sbin/chroot", ["chroot", "/opt/XiZhi_virbuild.201008260932"...], [/* 36 vars */]) = 0
brk(0)                                  = 0x8052000
mmap2(NULL, 4096, PROT_READ|PROT_WRITE, MAP_PRIVATE|MAP_ANONYMOUS, -1, 0) = 0xb7ee8000
access("/etc/ld.so.preload", R_OK)      = -1 ENOENT (No such file or directory)
open("/etc/ld.so.cache", O_RDONLY)      = 3
fstat64(3, {st_mode=S_IFREG|0644, st_size=206643, ...}) = 0
mmap2(NULL, 206643, PROT_READ, MAP_PRIVATE, 3, 0) = 0xb7eb5000
close(3)                                = 0
open("/lib/libc.so.6", O_RDONLY)        = 3
read(3, "\177ELF\1\1\1\3\0\0\0\0\0\0\0\0\3\0\3\0\1\0\0\0\20m\1\0004\0\0\0\230"..., 512) = 512
fstat64(3, {st_mode=S_IFREG|0755, st_size=8553081, ...}) = 0
mmap2(NULL, 1649032, PROT_READ|PROT_EXEC, MAP_PRIVATE|MAP_DENYWRITE, 3, 0) = 0xb7d22000
mprotect(0xb7eae000, 4096, PROT_NONE)   = 0
mmap2(0xb7eaf000, 12288, PROT_READ|PROT_WRITE, MAP_PRIVATE|MAP_FIXED|MAP_DENYWRITE, 3, 0x18c) = 0xb7eaf000
mmap2(0xb7eb2000, 10632, PROT_READ|PROT_WRITE, MAP_PRIVATE|MAP_FIXED|MAP_ANONYMOUS, -1, 0) = 0xb7eb2000
close(3)                                = 0
mmap2(NULL, 4096, PROT_READ|PROT_WRITE, MAP_PRIVATE|MAP_ANONYMOUS, -1, 0) = 0xb7d21000
set_thread_area({entry_number:-1 -> 6, base_addr:0xb7d216c0, limit:1048575, seg_32bit:1, contents:0, read_exec_only:0, limit_in_pages:1, seg_not_present:0, useable:1}) = 0
mprotect(0xb7eaf000, 8192, PROT_READ)   = 0
mprotect(0x8050000, 4096, PROT_READ)    = 0
mprotect(0xb7f0a000, 4096, PROT_READ)   = 0
munmap(0xb7eb5000, 206643)              = 0
brk(0)                                  = 0x8052000
brk(0x8073000)                          = 0x8073000
open("/usr/lib/locale/locale-archive", O_RDONLY|O_LARGEFILE) = 3
fstat64(3, {st_mode=S_IFREG|0644, st_size=98761696, ...}) = 0
mmap2(NULL, 2097152, PROT_READ, MAP_PRIVATE, 3, 0) = 0xb7b21000
mmap2(NULL, 262144, PROT_READ, MAP_PRIVATE, 3, 0x2d19) = 0xb7ae1000
mmap2(NULL, 1384448, PROT_READ, MAP_PRIVATE, 3, 0x30d4) = 0xb798f000
close(3)                                = 0
chroot("/opt/XiZhi_virbuild.201008260932/") = 0
chdir("/")                              = 0
execve("/bin/bash", ["/bin/bash", "-i"], [/* 36 vars */]) = -1 ENOENT (No such file or directory)
open("/usr/share/locale/locale.alias", O_RDONLY) = -1 ENOENT (No such file or directory)
open("/usr/share/locale/zh_CN.UTF-8/LC_MESSAGES/coreutils.mo", O_RDONLY) = -1 ENOENT (No such file or directory)
open("/usr/share/locale/zh_CN.utf8/LC_MESSAGES/coreutils.mo", O_RDONLY) = -1 ENOENT (No such file or directory)
open("/usr/share/locale/zh_CN/LC_MESSAGES/coreutils.mo", O_RDONLY) = 3
fstat64(3, {st_mode=S_IFREG|0644, st_size=286636, ...}) = 0
mmap2(NULL, 286636, PROT_READ, MAP_PRIVATE, 3, 0) = 0xb7949000
close(3)                                = 0
open("/usr/lib/gconv/gconv-modules.cache", O_RDONLY) = -1 ENOENT (No such file or directory)
open("/usr/lib/gconv/gconv-modules", O_RDONLY) = -1 ENOENT (No such file or directory)
open("/usr/share/locale/zh.UTF-8/LC_MESSAGES/coreutils.mo", O_RDONLY) = -1 ENOENT (No such file or directory)
open("/usr/share/locale/zh/LC_MESSAGES/coreutils.mo", O_RDONLY) = -1 ENOENT (No such file or directory)
write(2, "chroot: "..., 8)              = 8
write(2, "cannot run command \"/bin/bash\""..., 30) = 30
open("/usr/share/locale/zh_CN.UTF-8/LC_MESSAGES/libc.mo", O_RDONLY) = -1 ENOENT (No such file or directory)
open("/usr/share/locale/zh_CN.utf8/LC_MESSAGES/libc.mo", O_RDONLY) = -1 ENOENT (No such file or directory)
open("/usr/share/locale/zh_CN/LC_MESSAGES/libc.mo", O_RDONLY) = -1 ENOENT (No such file or directory)
open("/usr/share/locale/zh.UTF-8/LC_MESSAGES/libc.mo", O_RDONLY) = -1 ENOENT (No such file or directory)
open("/usr/share/locale/zh.utf8/LC_MESSAGES/libc.mo", O_RDONLY) = -1 ENOENT (No such file or directory)
open("/usr/share/locale/zh/LC_MESSAGES/libc.mo", O_RDONLY) = -1 ENOENT (No such file or directory)
write(2, ": No such file or directory"..., 27) = 27
write(2, "\n"..., 1)                    = 1
close(1)                                = 0
close(2)                                = 0
exit_group(127)                         = ?
